Using pre-set license
Built from '2020.3/staging' branch; Version is '2020.3.14f1 (d0d1bb862f9d) revision 13685179'; Using compiler version '192528614'; Build Type 'Release'
OS: 'Windows 10 Education; OS build 19042.1348; Version 2009; 64bit' Language: 'en' Physical Memory: 16180 MB
BatchMode: 1, IsHumanControllingUs: 0, StartBugReporterOnCrash: 0, Is64bit: 1, IsPro: 0

 COMMAND LINE ARGUMENTS:
C:\Program Files\Unity\Editor\Unity.exe
-adb2
-batchMode
-noUpm
-name
AssetImportWorker0
-projectPath
C:/Users/W0436735/Downloads/LevelDesignMokaiMountain
-logFile
Logs/AssetImportWorker0.log
-srvPort
51078
Successfully changed project path to: C:/Users/W0436735/Downloads/LevelDesignMokaiMountain
C:/Users/W0436735/Downloads/LevelDesignMokaiMountain
Using Asset Import Pipeline V2.
Refreshing native plugins compatible for Editor in 58.26 ms, found 2 plugins.
Preloading 0 native plugins for Editor in 0.00 ms.
Initialize engine version: 2020.3.14f1 (d0d1bb862f9d)
[Subsystems] Discovering subsystems at path C:/Program Files/Unity/Editor/Data/Resources/UnitySubsystems
[Subsystems] Discovering subsystems at path C:/Users/W0436735/Downloads/LevelDesignMokaiMountain/Assets
GfxDevice: creating device client; threaded=0
Direct3D:
    Version:  Direct3D 11.0 [level 11.0]
    Renderer: NVIDIA Quadro K2200 (ID=0x13ba)
    Vendor:   
    VRAM:     4053 MB
    Driver:   27.21.14.6192
Initialize mono
Mono path[0] = 'C:/Program Files/Unity/Editor/Data/Managed'
Mono path[1] = 'C:/Program Files/Unity/Editor/Data/MonoBleedingEdge/lib/mono/unityjit'
Mono config path = 'C:/Program Files/Unity/Editor/Data/MonoBleedingEdge/etc'
Using monoOptions --debugger-agent=transport=dt_socket,embedding=1,server=y,suspend=n,address=127.0.0.1:56224
Begin MonoManager ReloadAssembly
Registering precompiled unity dll's ...
Register platform support module: C:/Program Files/Unity/Editor/Data/PlaybackEngines/WindowsStandaloneSupport/UnityEditor.WindowsStandalone.Extensions.dll
Registered in 0.001878 seconds.
Native extension for WindowsStandalone target not found
Refreshing native plugins compatible for Editor in 60.79 ms, found 2 plugins.
Preloading 0 native plugins for Editor in 0.00 ms.
Mono: successfully reloaded assembly
- Completed reload, in  1.062 seconds
Domain Reload Profiling:
	ReloadAssembly (1062ms)
		BeginReloadAssembly (52ms)
			ExecutionOrderSort (0ms)
			DisableScriptedObjects (0ms)
			BackupInstance (0ms)
			ReleaseScriptingObjects (0ms)
			CreateAndSetChildDomain (1ms)
		EndReloadAssembly (443ms)
			LoadAssemblies (50ms)
			RebuildTransferFunctionScriptingTraits (0ms)
			SetupTypeCache (159ms)
			ReleaseScriptCaches (0ms)
			RebuildScriptCaches (33ms)
			SetupLoadedEditorAssemblies (179ms)
				LogAssemblyErrors (0ms)
				InitializePlatformSupportModulesInManaged (4ms)
				SetLoadedEditorAssemblies (0ms)
				RefreshPlugins (61ms)
				BeforeProcessingInitializeOnLoad (13ms)
				ProcessInitializeOnLoadAttributes (76ms)
				ProcessInitializeOnLoadMethodAttributes (25ms)
				AfterProcessingInitializeOnLoad (0ms)
				EditorAssembliesLoaded (0ms)
			ExecutionOrderSort2 (0ms)
			AwakeInstancesAfterBackupRestoration (0ms)
Platform modules already initialized, skipping
Registering precompiled user dll's ...
Registered in 0.004720 seconds.
Begin MonoManager ReloadAssembly
Native extension for WindowsStandalone target not found
Refreshing native plugins compatible for Editor in 63.95 ms, found 2 plugins.
Preloading 0 native plugins for Editor in 0.00 ms.
Mono: successfully reloaded assembly
- Completed reload, in  1.629 seconds
Domain Reload Profiling:
	ReloadAssembly (1630ms)
		BeginReloadAssembly (150ms)
			ExecutionOrderSort (0ms)
			DisableScriptedObjects (5ms)
			BackupInstance (0ms)
			ReleaseScriptingObjects (0ms)
			CreateAndSetChildDomain (20ms)
		EndReloadAssembly (1415ms)
			LoadAssemblies (101ms)
			RebuildTransferFunctionScriptingTraits (0ms)
			SetupTypeCache (353ms)
			ReleaseScriptCaches (1ms)
			RebuildScriptCaches (59ms)
			SetupLoadedEditorAssemblies (767ms)
				LogAssemblyErrors (0ms)
				InitializePlatformSupportModulesInManaged (6ms)
				SetLoadedEditorAssemblies (0ms)
				RefreshPlugins (64ms)
				BeforeProcessingInitializeOnLoad (115ms)
				ProcessInitializeOnLoadAttributes (570ms)
				ProcessInitializeOnLoadMethodAttributes (5ms)
				AfterProcessingInitializeOnLoad (6ms)
				EditorAssembliesLoaded (0ms)
			ExecutionOrderSort2 (0ms)
			AwakeInstancesAfterBackupRestoration (6ms)
Platform modules already initialized, skipping
========================================================================
Worker process is ready to serve import requests
Shader 'Universal Render Pipeline/Particles/Lit': fallback shader 'Universal Render Pipeline/Particles/SimpleLit' not found
Shader 'Universal Render Pipeline/Particles/Lit': fallback shader 'Universal Render Pipeline/Particles/SimpleLit' not found
Launched and connected shader compiler UnityShaderCompiler.exe after 0.04 seconds
Refreshing native plugins compatible for Editor in 0.58 ms, found 2 plugins.
Preloading 0 native plugins for Editor in 0.00 ms.
Unloading 3383 Unused Serialized files (Serialized files now loaded: 0)
System memory in use before: 157.3 MB.
System memory in use after: 155.0 MB.

Unloading 60 unused Assets to reduce memory usage. Loaded Objects now: 3804.
Total: 3.535700 ms (FindLiveObjects: 0.297700 ms CreateObjectMapping: 0.170400 ms MarkObjects: 1.979900 ms  DeleteObjects: 1.087000 ms)

AssetImportParameters requested are different than current active one (requested -> active):
  custom:framework-win-MediaFoundation: 216162199b28c13a410421893ffa2e32 -> 
  custom:video-decoder-ogg-theora: a1e56fd34408186e4bbccfd4996cb3dc -> 
  custom:container-muxer-webm: aa71ff27fc2769a1b78a27578f13a17b -> 
  custom:container-demuxer-webm: 4f35f7cbe854078d1ac9338744f61a02 -> 
  custom:container-demuxer-ogg: 62fdf1f143b41e24485cea50d1cbac27 -> 
  custom:video-encoder-webm-vp8: eb34c28f22e8b96e1ab97ce403110664 -> 
  custom:video-decoder-webm-vp8: 9c59270c3fd7afecdb556c50c9e8de78 -> 
  custom:audio-decoder-ogg-vorbis: bf7c407c2cedff20999df2af8eb42d56 -> 
  custom:audio-encoder-webm-vorbis: bf7c407c2cedff20999df2af8eb42d56 -> 
========================================================================
Received Import Request.
  path: Assets/Samples/Terrain Tools/0.1.0-preview/Terrain Assets/TerrainBrushes/terrainstamp_mountain06.brush
  artifactKey: Guid(1f59549ee2c7eab4d833e1b9cd1bb76b) Importer(815301076,1909f56bfc062723c751e8b465ee728b)
Start importing Assets/Samples/Terrain Tools/0.1.0-preview/Terrain Assets/TerrainBrushes/terrainstamp_mountain06.brush using Guid(1f59549ee2c7eab4d833e1b9cd1bb76b) Importer(815301076,1909f56bfc062723c751e8b465ee728b)  -> (artifact id: '63b5443b11799cf6e6c442853d37e635') in 0.084023 seconds 
  Import took 0.088876 seconds .

========================================================================
Received Prepare
Registering precompiled user dll's ...
Registered in 0.005251 seconds.
Begin MonoManager ReloadAssembly
Native extension for WindowsStandalone target not found
Refreshing native plugins compatible for Editor in 0.71 ms, found 2 plugins.
Preloading 0 native plugins for Editor in 0.00 ms.
Mono: successfully reloaded assembly
- Completed reload, in  1.384 seconds
Domain Reload Profiling:
	ReloadAssembly (1384ms)
		BeginReloadAssembly (126ms)
			ExecutionOrderSort (0ms)
			DisableScriptedObjects (4ms)
			BackupInstance (0ms)
			ReleaseScriptingObjects (0ms)
			CreateAndSetChildDomain (41ms)
		EndReloadAssembly (1194ms)
			LoadAssemblies (90ms)
			RebuildTransferFunctionScriptingTraits (0ms)
			SetupTypeCache (307ms)
			ReleaseScriptCaches (1ms)
			RebuildScriptCaches (52ms)
			SetupLoadedEditorAssemblies (628ms)
				LogAssemblyErrors (0ms)
				InitializePlatformSupportModulesInManaged (4ms)
				SetLoadedEditorAssemblies (1ms)
				RefreshPlugins (1ms)
				BeforeProcessingInitializeOnLoad (104ms)
				ProcessInitializeOnLoadAttributes (509ms)
				ProcessInitializeOnLoadMethodAttributes (4ms)
				AfterProcessingInitializeOnLoad (6ms)
				EditorAssembliesLoaded (0ms)
			ExecutionOrderSort2 (0ms)
			AwakeInstancesAfterBackupRestoration (9ms)
Platform modules already initialized, skipping
Shader 'Universal Render Pipeline/Particles/Lit': fallback shader 'Universal Render Pipeline/Particles/SimpleLit' not found
Shader 'Universal Render Pipeline/Particles/Lit': fallback shader 'Universal Render Pipeline/Particles/SimpleLit' not found
Refreshing native plugins compatible for Editor in 0.63 ms, found 2 plugins.
Preloading 0 native plugins for Editor in 0.00 ms.
Unloading 3236 Unused Serialized files (Serialized files now loaded: 0)
System memory in use before: 149.5 MB.
System memory in use after: 147.2 MB.

Unloading 45 unused Assets to reduce memory usage. Loaded Objects now: 3812.
Total: 3.653500 ms (FindLiveObjects: 0.269200 ms CreateObjectMapping: 0.137100 ms MarkObjects: 2.181400 ms  DeleteObjects: 1.064700 ms)

AssetImportParameters requested are different than current active one (requested -> active):
  custom:framework-win-MediaFoundation: 216162199b28c13a410421893ffa2e32 -> 
  custom:video-decoder-ogg-theora: a1e56fd34408186e4bbccfd4996cb3dc -> 
  custom:container-muxer-webm: aa71ff27fc2769a1b78a27578f13a17b -> 
  custom:container-demuxer-webm: 4f35f7cbe854078d1ac9338744f61a02 -> 
  custom:container-demuxer-ogg: 62fdf1f143b41e24485cea50d1cbac27 -> 
  custom:video-encoder-webm-vp8: eb34c28f22e8b96e1ab97ce403110664 -> 
  custom:video-decoder-webm-vp8: 9c59270c3fd7afecdb556c50c9e8de78 -> 
  custom:audio-decoder-ogg-vorbis: bf7c407c2cedff20999df2af8eb42d56 -> 
  custom:audio-encoder-webm-vorbis: bf7c407c2cedff20999df2af8eb42d56 -> 
========================================================================
Received Import Request.
  Time since last request: 311.892221 seconds.
  path: Assets/Samples/Terrain Tools/0.1.0-preview/Terrain Assets/TerrainBrushes/terrainstamp_canyon01.brush
  artifactKey: Guid(9b1536174e1306f4eb016fe953e5a678) Importer(815301076,1909f56bfc062723c751e8b465ee728b)
Start importing Assets/Samples/Terrain Tools/0.1.0-preview/Terrain Assets/TerrainBrushes/terrainstamp_canyon01.brush using Guid(9b1536174e1306f4eb016fe953e5a678) Importer(815301076,1909f56bfc062723c751e8b465ee728b)  -> (artifact id: '12b2ebe3e0e65f3171e0726344cda3cb') in 0.059374 seconds 
  Import took 0.065225 seconds .

========================================================================
Received Import Request.
  Time since last request: 5.109936 seconds.
  path: Assets/Samples/Terrain Tools/0.1.0-preview/Terrain Assets/TerrainBrushes/terrainstamp_canyon02.brush
  artifactKey: Guid(7ddc1e59f6e82cc4693b55b0badb4aa3) Importer(815301076,1909f56bfc062723c751e8b465ee728b)
Start importing Assets/Samples/Terrain Tools/0.1.0-preview/Terrain Assets/TerrainBrushes/terrainstamp_canyon02.brush using Guid(7ddc1e59f6e82cc4693b55b0badb4aa3) Importer(815301076,1909f56bfc062723c751e8b465ee728b)  -> (artifact id: '2666aeccfe13c3137f4e2bdebf8ffe76') in 0.018548 seconds 
  Import took 0.023819 seconds .

========================================================================
Received Import Request.
  Time since last request: 0.809084 seconds.
  path: Assets/Samples/Terrain Tools/0.1.0-preview/Terrain Assets/TerrainBrushes/terrainstamp_canyon03.brush
  artifactKey: Guid(d4e29f095247ea040aabee8a6cb3b010) Importer(815301076,1909f56bfc062723c751e8b465ee728b)
Start importing Assets/Samples/Terrain Tools/0.1.0-preview/Terrain Assets/TerrainBrushes/terrainstamp_canyon03.brush using Guid(d4e29f095247ea040aabee8a6cb3b010) Importer(815301076,1909f56bfc062723c751e8b465ee728b)  -> (artifact id: '55e844e8e8c689e4b1bb2c9c361309fd') in 0.018034 seconds 
  Import took 0.023651 seconds .

========================================================================
Received Import Request.
  Time since last request: 4.592267 seconds.
  path: Assets/Samples/Terrain Tools/0.1.0-preview/Terrain Assets/TerrainBrushes/terrainstamp_crackedground02.brush
  artifactKey: Guid(61e8c4f14d0453448b7e510f7f96990c) Importer(815301076,1909f56bfc062723c751e8b465ee728b)
Start importing Assets/Samples/Terrain Tools/0.1.0-preview/Terrain Assets/TerrainBrushes/terrainstamp_crackedground02.brush using Guid(61e8c4f14d0453448b7e510f7f96990c) Importer(815301076,1909f56bfc062723c751e8b465ee728b)  -> (artifact id: '524f0bb6220ba3dc39a10026d23c604e') in 0.015445 seconds 
  Import took 0.020970 seconds .

========================================================================
Received Import Request.
  Time since last request: 0.410953 seconds.
  path: Assets/Samples/Terrain Tools/0.1.0-preview/Terrain Assets/TerrainBrushes/terrainstamp_canyon05.brush
  artifactKey: Guid(ceb297a70ecfb74479647a7e0e433265) Importer(815301076,1909f56bfc062723c751e8b465ee728b)
Start importing Assets/Samples/Terrain Tools/0.1.0-preview/Terrain Assets/TerrainBrushes/terrainstamp_canyon05.brush using Guid(ceb297a70ecfb74479647a7e0e433265) Importer(815301076,1909f56bfc062723c751e8b465ee728b)  -> (artifact id: 'fc94ca7d3ff07d2c5051f1b8f91d2165') in 0.026216 seconds 
  Import took 0.033028 seconds .

========================================================================
Received Import Request.
  Time since last request: 0.365866 seconds.
  path: Assets/Samples/Terrain Tools/0.1.0-preview/Terrain Assets/TerrainBrushes/terrainstamp_crackedground01.brush
  artifactKey: Guid(a27a2665c8aec334ba8bbba24ee0c827) Importer(815301076,1909f56bfc062723c751e8b465ee728b)
Start importing Assets/Samples/Terrain Tools/0.1.0-preview/Terrain Assets/TerrainBrushes/terrainstamp_crackedground01.brush using Guid(a27a2665c8aec334ba8bbba24ee0c827) Importer(815301076,1909f56bfc062723c751e8b465ee728b)  -> (artifact id: '411c95aba20c4f5bee8ac30be21af014') in 0.015575 seconds 
  Import took 0.020719 seconds .

========================================================================
Received Import Request.
  Time since last request: 0.859915 seconds.
  path: Assets/Samples/Terrain Tools/0.1.0-preview/Terrain Assets/TerrainBrushes/terrainstamp_mountain04.brush
  artifactKey: Guid(84399f7e9c8b199478532ded97f1ed9b) Importer(815301076,1909f56bfc062723c751e8b465ee728b)
Start importing Assets/Samples/Terrain Tools/0.1.0-preview/Terrain Assets/TerrainBrushes/terrainstamp_mountain04.brush using Guid(84399f7e9c8b199478532ded97f1ed9b) Importer(815301076,1909f56bfc062723c751e8b465ee728b)  -> (artifact id: '66c19c6b17512f9d7c0479d273c80fd3') in 0.022606 seconds 
  Import took 0.028256 seconds .

